*** SESSION Jul 22, 2021 12:38:10.834 ------------------------------------------
*** SESSION Aug 24, 2021 09:40:59.31 -------------------------------------------
*** SESSION Aug 29, 2021 18:18:25.41 -------------------------------------------
*** SESSION Aug 29, 2021 18:32:36.83 -------------------------------------------
*** SESSION Aug 31, 2021 13:28:19.809 ------------------------------------------
*** SESSION Sep 01, 2021 10:47:13.23 -------------------------------------------
*** SESSION Sep 01, 2021 17:47:07.494 ------------------------------------------
*** SESSION Sep 02, 2021 18:36:51.17 -------------------------------------------
*** SESSION Sep 07, 2021 12:49:23.988 ------------------------------------------
*** SESSION Sep 09, 2021 12:50:40.883 ------------------------------------------
*** SESSION Sep 13, 2021 10:08:08.76 -------------------------------------------
*** SESSION Sep 14, 2021 10:15:16.26 -------------------------------------------
*** SESSION Sep 14, 2021 17:05:33.24 -------------------------------------------
*** SESSION Sep 20, 2021 21:54:33.23 -------------------------------------------
*** SESSION Sep 21, 2021 10:05:22.91 -------------------------------------------
*** SESSION Sep 21, 2021 12:57:46.728 ------------------------------------------
*** SESSION Sep 21, 2021 15:32:04.583 ------------------------------------------
*** SESSION Sep 26, 2021 18:30:53.25 -------------------------------------------
*** SESSION Sep 27, 2021 18:34:27.66 -------------------------------------------
*** SESSION Sep 27, 2021 23:52:11.39 -------------------------------------------
*** SESSION Sep 28, 2021 09:00:18.08 -------------------------------------------
*** SESSION Sep 28, 2021 12:23:52.380 ------------------------------------------
*** SESSION Sep 28, 2021 12:25:32.251 ------------------------------------------
*** SESSION Oct 05, 2021 12:41:31.428 ------------------------------------------
*** SESSION Oct 07, 2021 12:33:59.285 ------------------------------------------
*** SESSION Oct 07, 2021 12:54:11.517 ------------------------------------------
*** SESSION Oct 08, 2021 10:52:11.420 ------------------------------------------
